Determining if the pthread_create exist failed with the following output:
Change Dir: /home/shiro/CLionProjects/PrefixNotationParser/cmake-build-release/CMakeFiles/CMakeTmp

Run Build Command:"/usr/bin/make" "cmTC_cc536/fast"
/usr/bin/make -f CMakeFiles/cmTC_cc536.dir/build.make CMakeFiles/cmTC_cc536.dir/build
make[1]: Entering directory '/home/shiro/CLionProjects/PrefixNotationParser/cmake-build-release/CMakeFiles/CMakeTmp'
Building C object CMakeFiles/cmTC_cc536.dir/CheckSymbolExists.c.o
/usr/bin/cc    -o CMakeFiles/cmTC_cc536.dir/CheckSymbolExists.c.o   -c /home/shiro/CLionProjects/PrefixNotationParser/cmake-build-release/CMakeFiles/CMakeTmp/CheckSymbolExists.c
Linking C executable cmTC_cc536
/home/shiro/Programms/clion-2018.3.4/bin/cmake/linux/bin/cmake -E cmake_link_script CMakeFiles/cmTC_cc536.dir/link.txt --verbose=1
/usr/bin/cc      -rdynamic CMakeFiles/cmTC_cc536.dir/CheckSymbolExists.c.o  -o cmTC_cc536 
CMakeFiles/cmTC_cc536.dir/CheckSymbolExists.c.o: In function `main':
CheckSymbolExists.c:(.text+0x1b): undefined reference to `pthread_create'
collect2: error: ld returned 1 exit status
CMakeFiles/cmTC_cc536.dir/build.make:86: recipe for target 'cmTC_cc536' failed
make[1]: *** [cmTC_cc536] Error 1
make[1]: Leaving directory '/home/shiro/CLionProjects/PrefixNotationParser/cmake-build-release/CMakeFiles/CMakeTmp'
Makefile:121: recipe for target 'cmTC_cc536/fast' failed
make: *** [cmTC_cc536/fast] Error 2

File /home/shiro/CLionProjects/PrefixNotationParser/cmake-build-release/CMakeFiles/CMakeTmp/CheckSymbolExists.c:
/* */
#include <pthread.h>

int main(int argc, char** argv)
{
  (void)argv;
#ifndef pthread_create
  return ((int*)(&pthread_create))[argc];
#else
  (void)argc;
  return 0;
#endif
}

Determining if the function pthread_create exists in the pthreads failed with the following output:
Change Dir: /home/shiro/CLionProjects/PrefixNotationParser/cmake-build-release/CMakeFiles/CMakeTmp

Run Build Command:"/usr/bin/make" "cmTC_83e68/fast"
/usr/bin/make -f CMakeFiles/cmTC_83e68.dir/build.make CMakeFiles/cmTC_83e68.dir/build
make[1]: Entering directory '/home/shiro/CLionProjects/PrefixNotationParser/cmake-build-release/CMakeFiles/CMakeTmp'
Building C object CMakeFiles/cmTC_83e68.dir/CheckFunctionExists.c.o
/usr/bin/cc   -DCHECK_FUNCTION_EXISTS=pthread_create   -o CMakeFiles/cmTC_83e68.dir/CheckFunctionExists.c.o   -c /home/shiro/Programms/clion-2018.3.4/bin/cmake/linux/share/cmake-3.13/Modules/CheckFunctionExists.c
Linking C executable cmTC_83e68
/home/shiro/Programms/clion-2018.3.4/bin/cmake/linux/bin/cmake -E cmake_link_script CMakeFiles/cmTC_83e68.dir/link.txt --verbose=1
/usr/bin/cc  -DCHECK_FUNCTION_EXISTS=pthread_create    -rdynamic CMakeFiles/cmTC_83e68.dir/CheckFunctionExists.c.o  -o cmTC_83e68 -lpthreads 
/usr/bin/ld: cannot find -lpthreads
collect2: error: ld returned 1 exit status
CMakeFiles/cmTC_83e68.dir/build.make:86: recipe for target 'cmTC_83e68' failed
make[1]: *** [cmTC_83e68] Error 1
make[1]: Leaving directory '/home/shiro/CLionProjects/PrefixNotationParser/cmake-build-release/CMakeFiles/CMakeTmp'
Makefile:121: recipe for target 'cmTC_83e68/fast' failed
make: *** [cmTC_83e68/fast] Error 2


